[debug] [2021-05-30T12:20:47.494Z] ----------------------------------------------------------------------
[debug] [2021-05-30T12:20:47.497Z] Command:       C:\Program Files\nodejs\node.exe C:\Users\vishal thakur\AppData\Roaming\npm\node_modules\firebase-tools\lib\bin\firebase.js init
[debug] [2021-05-30T12:20:47.498Z] CLI Version:   9.12.0
[debug] [2021-05-30T12:20:47.498Z] Platform:      win32
[debug] [2021-05-30T12:20:47.498Z] Node Version:  v14.16.0
[debug] [2021-05-30T12:20:47.501Z] Time:          Sun May 30 2021 17:50:47 GMT+0530 (India Standard Time)
[debug] [2021-05-30T12:20:47.501Z] ----------------------------------------------------------------------
[debug] 
[debug] [2021-05-30T12:20:47.505Z] >>> [apiv2][query] GET https://firebase-public.firebaseio.com/cli.json [none]
[debug] [2021-05-30T12:20:47.541Z] > command requires scopes: ["email","openid","https://www.googleapis.com/auth/cloudplatformprojects.readonly","https://www.googleapis.com/auth/firebase","https://www.googleapis.com/auth/cloud-platform"]
[debug] [2021-05-30T12:20:47.541Z] > authorizing via signed-in user (myfitnesscreation@gmail.com)
[info] 
     ######## #### ########  ######## ########     ###     ######  ########
     ##        ##  ##     ## ##       ##     ##  ##   ##  ##       ##
     ######    ##  ########  ######   ########  #########  ######  ######
     ##        ##  ##    ##  ##       ##     ## ##     ##       ## ##
     ##       #### ##     ## ######## ########  ##     ##  ######  ########

You're about to initialize a Firebase project in this directory:

  C:\Users\vishal thakur\blood

[debug] [2021-05-30T12:20:48.837Z] <<< [apiv2][status] GET https://firebase-public.firebaseio.com/cli.json 200
[debug] [2021-05-30T12:20:48.839Z] <<< [apiv2][body] GET https://firebase-public.firebaseio.com/cli.json {"cloudBuildErrorAfter":1594252800000,"cloudBuildWarnAfter":1590019200000,"defaultNode10After":1594252800000,"minVersion":"3.0.5","node8DeploysDisabledAfter":1613390400000,"node8RuntimeDisabledAfter":1615809600000,"node8WarnAfter":1600128000000}
